<?xml version="1.0" encoding="UTF-8"?>
<testsuite name="com.facebook.runner.TestRunner" time="0.013" tests="9" errors="0" skipped="0" failures="2">
  <properties>
[...]
</properties>
  <testcase name="Given I am logged in facebook with Mozilla" classname="| profilelink |" time="0.001"/>
  <testcase name="Then &quot;profilelink&quot; should be present" classname="| profilelink |" time="0"/>
  <testcase name="| profilelink |" classname="| profilelink |" time="0.002"/>
  <testcase name="Given I am logged in facebook with Mozilla" classname="| homelink |" time="0"/>
  <testcase name="Then &quot;homelink&quot; should be present" classname="| homelink |" time="0"/>
  <testcase name="| homelink |" classname="| homelink |" time="0.002"/>
  <testcase name="Given I am logged in facebook with Mozilla" classname="Scenario: Test title" time="0"/>
  <testcase name="Then title should be &quot;Google&quot;" classname="Scenario: Test title" time="0.004">
    <failure message="expected:&lt;[Google]&gt; but was:&lt;[(1) Facebook]&gt;" type="org.junit.ComparisonFailure"><![CDATA[org.junit.ComparisonFailure: expected:<[Google]> but was:<[(1) Facebook]>
	at org.junit.Assert.assertEquals(Assert.java:115)
	at org.junit.Assert.assertEquals(Assert.java:144)
	at com.facebook.stepDefination.HomePage_Step.title_should_be(HomePage_Step.java:20)
	at ✽.Then title should be "Google"(2HomePage.feature:19)
]]></failure>
    <system-out><![CDATA[
  Background:                                  # 2HomePage.feature:5
    Given I am logged in facebook with Mozilla # CommonUtil.i_am_logged_in_facebook_with(String)
]]></system-out>
  </testcase>
  <testcase name="Scenario: Test title" classname="Scenario: Test title" time="0.004">
    <failure message="expected:&lt;[Google]&gt; but was:&lt;[(1) Facebook]&gt;" type="org.junit.ComparisonFailure"><![CDATA[org.junit.ComparisonFailure: expected:<[Google]> but was:<[(1) Facebook]>
	at org.junit.Assert.assertEquals(Assert.java:115)
	at org.junit.Assert.assertEquals(Assert.java:144)
	at com.facebook.stepDefination.HomePage_Step.title_should_be(HomePage_Step.java:20)
	at ✽.Then title should be "Google"(2HomePage.feature:19)
]]></failure>
  </testcase>
</testsuite>